Using pre-set license
Built from '2020.3/release' branch; Version is '2020.3.12f1 (b3b2c6512326) revision 11776710'; Using compiler version '192528614'; Build Type 'Release'
OS: 'Windows 10 Pro; OS build 19043.1083; Version 2009; 64bit' Language: 'en' Physical Memory: 8156 MB
BatchMode: 1, IsHumanControllingUs: 0, StartBugReporterOnCrash: 0, Is64bit: 1, IsPro: 0

 COMMAND LINE ARGUMENTS:
C:\Program Files\Unity\Hub\Editor\2020.3.12f1\Editor\Unity.exe
-adb2
-batchMode
-noUpm
-name
AssetImportWorker0
-projectPath
F:/UnityProjects/maze-shooter-game/Unnamed Maze Game
-logFile
Logs/AssetImportWorker0.log
-srvPort
55083
Successfully changed project path to: F:/UnityProjects/maze-shooter-game/Unnamed Maze Game
F:/UnityProjects/maze-shooter-game/Unnamed Maze Game
Using Asset Import Pipeline V2.
Refreshing native plugins compatible for Editor in 65.95 ms, found 3 plugins.
Preloading 0 native plugins for Editor in 0.00 ms.
Initialize engine version: 2020.3.12f1 (b3b2c6512326)
[Subsystems] Discovering subsystems at path C:/Program Files/Unity/Hub/Editor/2020.3.12f1/Editor/Data/Resources/UnitySubsystems
[Subsystems] Discovering subsystems at path F:/UnityProjects/maze-shooter-game/Unnamed Maze Game/Assets
GfxDevice: creating device client; threaded=0
Direct3D:
    Version:  Direct3D 11.0 [level 11.1]
    Renderer: Radeon RX 570 Series (ID=0x67df)
    Vendor:   
    VRAM:     4075 MB
    Driver:   27.20.22001.16006
Initialize mono
Mono path[0] = 'C:/Program Files/Unity/Hub/Editor/2020.3.12f1/Editor/Data/Managed'
Mono path[1] = 'C:/Program Files/Unity/Hub/Editor/2020.3.12f1/Editor/Data/MonoBleedingEdge/lib/mono/unityjit'
Mono config path = 'C:/Program Files/Unity/Hub/Editor/2020.3.12f1/Editor/Data/MonoBleedingEdge/etc'
Using monoOptions --debugger-agent=transport=dt_socket,embedding=1,server=y,suspend=n,address=127.0.0.1:56052
Begin MonoManager ReloadAssembly
Registering precompiled unity dll's ...
Register platform support module: C:/Program Files/Unity/Hub/Editor/2020.3.12f1/Editor/Data/PlaybackEngines/WindowsStandaloneSupport/UnityEditor.WindowsStandalone.Extensions.dll
Registered in 0.003590 seconds.
Native extension for WindowsStandalone target not found
Refreshing native plugins compatible for Editor in 65.05 ms, found 3 plugins.
Preloading 0 native plugins for Editor in 0.00 ms.
Mono: successfully reloaded assembly
- Completed reload, in  1.820 seconds
Platform modules already initialized, skipping
Registering precompiled user dll's ...
Registered in 0.004927 seconds.
Begin MonoManager ReloadAssembly
Native extension for WindowsStandalone target not found
Refreshing native plugins compatible for Editor in 62.57 ms, found 3 plugins.
Preloading 0 native plugins for Editor in 0.00 ms.
Mono: successfully reloaded assembly
- Completed reload, in  1.755 seconds
Platform modules already initialized, skipping
========================================================================
Worker process is ready to serve import requests
Launched and connected shader compiler UnityShaderCompiler.exe after 0.07 seconds
Refreshing native plugins compatible for Editor in 0.69 ms, found 3 plugins.
Preloading 0 native plugins for Editor in 0.00 ms.
Unloading 2094 Unused Serialized files (Serialized files now loaded: 0)
System memory in use before: 93.2 MB.
System memory in use after: 93.1 MB.

Unloading 33 unused Assets to reduce memory usage. Loaded Objects now: 2528.
Total: 3.261100 ms (FindLiveObjects: 0.364100 ms CreateObjectMapping: 0.105900 ms MarkObjects: 2.581600 ms  DeleteObjects: 0.207800 ms)

AssetImportParameters requested are different than current active one (requested -> active):
  custom:framework-win-MediaFoundation: 216162199b28c13a410421893ffa2e32 -> 
  custom:video-decoder-ogg-theora: a1e56fd34408186e4bbccfd4996cb3dc -> 
  custom:container-muxer-webm: aa71ff27fc2769a1b78a27578f13a17b -> 
  custom:container-demuxer-webm: 4f35f7cbe854078d1ac9338744f61a02 -> 
  custom:container-demuxer-ogg: 62fdf1f143b41e24485cea50d1cbac27 -> 
  custom:video-encoder-webm-vp8: eb34c28f22e8b96e1ab97ce403110664 -> 
  custom:video-decoder-webm-vp8: 9c59270c3fd7afecdb556c50c9e8de78 -> 
  custom:audio-decoder-ogg-vorbis: bf7c407c2cedff20999df2af8eb42d56 -> 
  custom:audio-encoder-webm-vorbis: bf7c407c2cedff20999df2af8eb42d56 -> 
========================================================================
Received Import Request.
  path: Assets/Scripts/Heap.cs
  artifactKey: Guid(ee7408b07a6e6f947baeb49fc45c0557) Importer(815301076,1909f56bfc062723c751e8b465ee728b)
Start importing Assets/Scripts/Heap.cs using Guid(ee7408b07a6e6f947baeb49fc45c0557) Importer(815301076,1909f56bfc062723c751e8b465ee728b)  -> (artifact id: '46532e728e541457e6ca9f027c9ea458') in 0.043554 seconds 
  Import took 0.066374 seconds .

========================================================================
Received Import Request.
  Time since last request: 0.000399 seconds.
  path: Assets/Scripts/FollowTarget.cs
  artifactKey: Guid(133070333f38ff44785e84ad07b12dae) Importer(815301076,1909f56bfc062723c751e8b465ee728b)
Start importing Assets/Scripts/FollowTarget.cs using Guid(133070333f38ff44785e84ad07b12dae) Importer(815301076,1909f56bfc062723c751e8b465ee728b)  -> (artifact id: '12511a3103ac170f6064cf641f9d3b62') in 0.008719 seconds 
  Import took 0.030117 seconds .

========================================================================
Received Import Request.
  Time since last request: 2.950953 seconds.
  path: Assets/Scripts/DataStructures
  artifactKey: Guid(d4d77f0096e0b744ba6edb163ccea078) Importer(815301076,1909f56bfc062723c751e8b465ee728b)
Start importing Assets/Scripts/DataStructures using Guid(d4d77f0096e0b744ba6edb163ccea078) Importer(815301076,1909f56bfc062723c751e8b465ee728b)  -> (artifact id: '42851bd65f25ae5f261ca7732183c454') in 0.013438 seconds 
  Import took 0.035423 seconds .

========================================================================
Received Import Request.
  Time since last request: 0.001689 seconds.
  path: Assets/Scripts/DataStructures
  artifactKey: Guid(d4d77f0096e0b744ba6edb163ccea078) Importer(815301076,1909f56bfc062723c751e8b465ee728b)
Start importing Assets/Scripts/DataStructures using Guid(d4d77f0096e0b744ba6edb163ccea078) Importer(815301076,1909f56bfc062723c751e8b465ee728b)  -> (artifact id: '42851bd65f25ae5f261ca7732183c454') in 0.016045 seconds 
  Import took 0.020101 seconds .

========================================================================
Received Import Request.
  Time since last request: 6.500756 seconds.
  path: Assets/Scripts/MazeSpawner.cs
  artifactKey: Guid(0950b5b31fdd3dd42af8c4a832d6b7f5) Importer(815301076,1909f56bfc062723c751e8b465ee728b)
Start importing Assets/Scripts/MazeSpawner.cs using Guid(0950b5b31fdd3dd42af8c4a832d6b7f5) Importer(815301076,1909f56bfc062723c751e8b465ee728b)  -> (artifact id: 'ede23bcccdeda806772db2897ceb5ecf') in 0.008621 seconds 
  Import took 0.037738 seconds .

========================================================================
Received Import Request.
  Time since last request: 0.762963 seconds.
  path: Assets/Scripts/PlayerController.cs
  artifactKey: Guid(777c64345f8b15445a239f6d177f0a0c) Importer(815301076,1909f56bfc062723c751e8b465ee728b)
Start importing Assets/Scripts/PlayerController.cs using Guid(777c64345f8b15445a239f6d177f0a0c) Importer(815301076,1909f56bfc062723c751e8b465ee728b)  -> (artifact id: 'e948b6fc91998158d0c5bed23750cc00') in 0.009410 seconds 
  Import took 0.023938 seconds .

========================================================================
Received Prepare
Registering precompiled user dll's ...
Registered in 0.005108 seconds.
Begin MonoManager ReloadAssembly
Native extension for WindowsStandalone target not found
Refreshing native plugins compatible for Editor in 0.78 ms, found 3 plugins.
Preloading 0 native plugins for Editor in 0.00 ms.
Mono: successfully reloaded assembly
- Completed reload, in  1.603 seconds
Platform modules already initialized, skipping
Refreshing native plugins compatible for Editor in 0.74 ms, found 3 plugins.
Preloading 0 native plugins for Editor in 0.00 ms.
Unloading 2089 Unused Serialized files (Serialized files now loaded: 0)
System memory in use before: 93.2 MB.
System memory in use after: 93.1 MB.

Unloading 21 unused Assets to reduce memory usage. Loaded Objects now: 2532.
Total: 3.326400 ms (FindLiveObjects: 0.374200 ms CreateObjectMapping: 0.099800 ms MarkObjects: 2.678500 ms  DeleteObjects: 0.172500 ms)

AssetImportParameters requested are different than current active one (requested -> active):
  custom:framework-win-MediaFoundation: 216162199b28c13a410421893ffa2e32 -> 
  custom:video-decoder-ogg-theora: a1e56fd34408186e4bbccfd4996cb3dc -> 
  custom:container-muxer-webm: aa71ff27fc2769a1b78a27578f13a17b -> 
  custom:container-demuxer-webm: 4f35f7cbe854078d1ac9338744f61a02 -> 
  custom:container-demuxer-ogg: 62fdf1f143b41e24485cea50d1cbac27 -> 
  custom:video-encoder-webm-vp8: eb34c28f22e8b96e1ab97ce403110664 -> 
  custom:video-decoder-webm-vp8: 9c59270c3fd7afecdb556c50c9e8de78 -> 
  custom:audio-decoder-ogg-vorbis: bf7c407c2cedff20999df2af8eb42d56 -> 
  custom:audio-encoder-webm-vorbis: bf7c407c2cedff20999df2af8eb42d56 -> 
========================================================================
Received Import Request.
  Time since last request: 15.307467 seconds.
  path: Assets/Scripts/AStar/AStarGrid.cs
  artifactKey: Guid(55182bdad360a8f449470985a1e9c1a4) Importer(815301076,1909f56bfc062723c751e8b465ee728b)
Start importing Assets/Scripts/AStar/AStarGrid.cs using Guid(55182bdad360a8f449470985a1e9c1a4) Importer(815301076,1909f56bfc062723c751e8b465ee728b)  -> (artifact id: 'd40ced1b0ec9deed62df5a879a98a473') in 0.021646 seconds 
  Import took 0.043180 seconds .

========================================================================
Received Import Request.
  Time since last request: 0.134574 seconds.
  path: Assets/Scripts/AStar/AStarNode.cs
  artifactKey: Guid(f98a300589bcf704788b2ae87483983a) Importer(815301076,1909f56bfc062723c751e8b465ee728b)
Start importing Assets/Scripts/AStar/AStarNode.cs using Guid(f98a300589bcf704788b2ae87483983a) Importer(815301076,1909f56bfc062723c751e8b465ee728b)  -> (artifact id: '41b223d89a2f29dfe05866c4785e592f') in 0.008518 seconds 
  Import took 0.021095 seconds .

========================================================================
Received Import Request.
  Time since last request: 13.277993 seconds.
  path: Assets/Scripts/Bullet.cs
  artifactKey: Guid(55435d3ddc5a3b34ebef1fa444d7d66c) Importer(815301076,1909f56bfc062723c751e8b465ee728b)
Start importing Assets/Scripts/Bullet.cs using Guid(55435d3ddc5a3b34ebef1fa444d7d66c) Importer(815301076,1909f56bfc062723c751e8b465ee728b)  -> (artifact id: 'd52bd341b43263e460c07e170269a426') in 0.009329 seconds 
  Import took 0.021947 seconds .

========================================================================
Received Prepare
Registering precompiled user dll's ...
Registered in 0.004847 seconds.
Begin MonoManager ReloadAssembly
Native extension for WindowsStandalone target not found
Refreshing native plugins compatible for Editor in 0.79 ms, found 3 plugins.
Preloading 0 native plugins for Editor in 0.00 ms.
Mono: successfully reloaded assembly
- Completed reload, in  1.576 seconds
Platform modules already initialized, skipping
Refreshing native plugins compatible for Editor in 0.76 ms, found 3 plugins.
Preloading 0 native plugins for Editor in 0.00 ms.
Unloading 2090 Unused Serialized files (Serialized files now loaded: 0)
System memory in use before: 93.2 MB.
System memory in use after: 93.2 MB.

Unloading 21 unused Assets to reduce memory usage. Loaded Objects now: 2537.
Total: 3.263900 ms (FindLiveObjects: 0.399900 ms CreateObjectMapping: 0.102400 ms MarkObjects: 2.598300 ms  DeleteObjects: 0.161900 ms)

AssetImportParameters requested are different than current active one (requested -> active):
  custom:framework-win-MediaFoundation: 216162199b28c13a410421893ffa2e32 -> 
  custom:video-decoder-ogg-theora: a1e56fd34408186e4bbccfd4996cb3dc -> 
  custom:container-muxer-webm: aa71ff27fc2769a1b78a27578f13a17b -> 
  custom:container-demuxer-webm: 4f35f7cbe854078d1ac9338744f61a02 -> 
  custom:container-demuxer-ogg: 62fdf1f143b41e24485cea50d1cbac27 -> 
  custom:video-encoder-webm-vp8: eb34c28f22e8b96e1ab97ce403110664 -> 
  custom:video-decoder-webm-vp8: 9c59270c3fd7afecdb556c50c9e8de78 -> 
  custom:audio-decoder-ogg-vorbis: bf7c407c2cedff20999df2af8eb42d56 -> 
  custom:audio-encoder-webm-vorbis: bf7c407c2cedff20999df2af8eb42d56 -> 
========================================================================
Received Import Request.
  Time since last request: 5.489199 seconds.
  path: Packages/com.unity.2d.spriteshape/Editor/ObjectMenuCreation/DefaultAssets/Sprite Shapes/Open Sprite Shape.prefab
  artifactKey: Guid(86ae7de409eb54f619fb1328e4d42480) Importer(815301076,1909f56bfc062723c751e8b465ee728b)
Start importing Packages/com.unity.2d.spriteshape/Editor/ObjectMenuCreation/DefaultAssets/Sprite Shapes/Open Sprite Shape.prefab using Guid(86ae7de409eb54f619fb1328e4d42480) Importer(815301076,1909f56bfc062723c751e8b465ee728b)  -> (artifact id: 'bdee885e51b9ccf0fcef3a7dbe274ecc') in 0.140307 seconds 
  Import took 0.155422 seconds .

========================================================================
Received Import Request.
  Time since last request: 0.000309 seconds.
  path: Packages/com.unity.2d.spriteshape/Editor/ObjectMenuCreation/DefaultAssets/Sprite Shapes/Closed Sprite Shape.prefab
  artifactKey: Guid(c0583b4e855c74b8c82e7b9b5efb5ce9) Importer(815301076,1909f56bfc062723c751e8b465ee728b)
Start importing Packages/com.unity.2d.spriteshape/Editor/ObjectMenuCreation/DefaultAssets/Sprite Shapes/Closed Sprite Shape.prefab using Guid(c0583b4e855c74b8c82e7b9b5efb5ce9) Importer(815301076,1909f56bfc062723c751e8b465ee728b)  -> (artifact id: '2cce7a24742fd5e8a8ab2da20c69032f') in 0.011841 seconds 
  Import took 0.026840 seconds .

========================================================================
Received Import Request.
  Time since last request: 11.328076 seconds.
  path: Assets/Prefabs/Bullet.prefab
  artifactKey: Guid(2d5378cc04fb6f84d999c9135d7293c2) Importer(815301076,1909f56bfc062723c751e8b465ee728b)
Start importing Assets/Prefabs/Bullet.prefab using Guid(2d5378cc04fb6f84d999c9135d7293c2) Importer(815301076,1909f56bfc062723c751e8b465ee728b)  -> (artifact id: '3380fdc351b8380ca00a5253216ba3cf') in 0.090541 seconds 
  Import took 0.115032 seconds .

========================================================================
Received Prepare
Registering precompiled user dll's ...
Registered in 0.005642 seconds.
Begin MonoManager ReloadAssembly
Native extension for WindowsStandalone target not found
Refreshing native plugins compatible for Editor in 0.79 ms, found 3 plugins.
Preloading 0 native plugins for Editor in 0.00 ms.
Mono: successfully reloaded assembly
- Completed reload, in  1.846 seconds
Platform modules already initialized, skipping
Refreshing native plugins compatible for Editor in 0.75 ms, found 3 plugins.
Preloading 0 native plugins for Editor in 0.00 ms.
Unloading 2090 Unused Serialized files (Serialized files now loaded: 0)
System memory in use before: 96.2 MB.
System memory in use after: 96.2 MB.

Unloading 21 unused Assets to reduce memory usage. Loaded Objects now: 2548.
Total: 3.107400 ms (FindLiveObjects: 0.370000 ms CreateObjectMapping: 0.099300 ms MarkObjects: 2.480400 ms  DeleteObjects: 0.156100 ms)

AssetImportParameters requested are different than current active one (requested -> active):
  custom:framework-win-MediaFoundation: 216162199b28c13a410421893ffa2e32 -> 
  custom:video-decoder-ogg-theora: a1e56fd34408186e4bbccfd4996cb3dc -> 
  custom:container-muxer-webm: aa71ff27fc2769a1b78a27578f13a17b -> 
  custom:container-demuxer-webm: 4f35f7cbe854078d1ac9338744f61a02 -> 
  custom:container-demuxer-ogg: 62fdf1f143b41e24485cea50d1cbac27 -> 
  custom:video-encoder-webm-vp8: eb34c28f22e8b96e1ab97ce403110664 -> 
  custom:video-decoder-webm-vp8: 9c59270c3fd7afecdb556c50c9e8de78 -> 
  custom:audio-decoder-ogg-vorbis: bf7c407c2cedff20999df2af8eb42d56 -> 
  custom:audio-encoder-webm-vorbis: bf7c407c2cedff20999df2af8eb42d56 -> 
========================================================================
Received Prepare
Registering precompiled user dll's ...
Registered in 0.005703 seconds.
Begin MonoManager ReloadAssembly
Native extension for WindowsStandalone target not found
Refreshing native plugins compatible for Editor in 0.79 ms, found 3 plugins.
Preloading 0 native plugins for Editor in 0.00 ms.
Mono: successfully reloaded assembly
- Completed reload, in  1.776 seconds
Platform modules already initialized, skipping
Refreshing native plugins compatible for Editor in 1.24 ms, found 3 plugins.
Preloading 0 native plugins for Editor in 0.00 ms.
Unloading 2090 Unused Serialized files (Serialized files now loaded: 0)
System memory in use before: 96.2 MB.
System memory in use after: 96.2 MB.

Unloading 21 unused Assets to reduce memory usage. Loaded Objects now: 2552.
Total: 6.405800 ms (FindLiveObjects: 0.508900 ms CreateObjectMapping: 0.124000 ms MarkObjects: 5.526900 ms  DeleteObjects: 0.243000 ms)

AssetImportParameters requested are different than current active one (requested -> active):
  custom:framework-win-MediaFoundation: 216162199b28c13a410421893ffa2e32 -> 
  custom:video-decoder-ogg-theora: a1e56fd34408186e4bbccfd4996cb3dc -> 
  custom:container-muxer-webm: aa71ff27fc2769a1b78a27578f13a17b -> 
  custom:container-demuxer-webm: 4f35f7cbe854078d1ac9338744f61a02 -> 
  custom:container-demuxer-ogg: 62fdf1f143b41e24485cea50d1cbac27 -> 
  custom:video-encoder-webm-vp8: eb34c28f22e8b96e1ab97ce403110664 -> 
  custom:video-decoder-webm-vp8: 9c59270c3fd7afecdb556c50c9e8de78 -> 
  custom:audio-decoder-ogg-vorbis: bf7c407c2cedff20999df2af8eb42d56 -> 
  custom:audio-encoder-webm-vorbis: bf7c407c2cedff20999df2af8eb42d56 -> 
========================================================================
Received Prepare
Registering precompiled user dll's ...
Registered in 0.005701 seconds.
Begin MonoManager ReloadAssembly
Native extension for WindowsStandalone target not found
Refreshing native plugins compatible for Editor in 0.80 ms, found 3 plugins.
Preloading 0 native plugins for Editor in 0.00 ms.
Mono: successfully reloaded assembly
- Completed reload, in  1.820 seconds
Platform modules already initialized, skipping
Refreshing native plugins compatible for Editor in 0.73 ms, found 3 plugins.
Preloading 0 native plugins for Editor in 0.00 ms.
Unloading 2090 Unused Serialized files (Serialized files now loaded: 0)
System memory in use before: 96.2 MB.
System memory in use after: 96.2 MB.

Unloading 21 unused Assets to reduce memory usage. Loaded Objects now: 2556.
Total: 4.206200 ms (FindLiveObjects: 0.676600 ms CreateObjectMapping: 0.128600 ms MarkObjects: 3.218400 ms  DeleteObjects: 0.181200 ms)

AssetImportParameters requested are different than current active one (requested -> active):
  custom:framework-win-MediaFoundation: 216162199b28c13a410421893ffa2e32 -> 
  custom:video-decoder-ogg-theora: a1e56fd34408186e4bbccfd4996cb3dc -> 
  custom:container-muxer-webm: aa71ff27fc2769a1b78a27578f13a17b -> 
  custom:container-demuxer-webm: 4f35f7cbe854078d1ac9338744f61a02 -> 
  custom:container-demuxer-ogg: 62fdf1f143b41e24485cea50d1cbac27 -> 
  custom:video-encoder-webm-vp8: eb34c28f22e8b96e1ab97ce403110664 -> 
  custom:video-decoder-webm-vp8: 9c59270c3fd7afecdb556c50c9e8de78 -> 
  custom:audio-decoder-ogg-vorbis: bf7c407c2cedff20999df2af8eb42d56 -> 
  custom:audio-encoder-webm-vorbis: bf7c407c2cedff20999df2af8eb42d56 -> 
========================================================================
Received Prepare
Registering precompiled user dll's ...
Registered in 0.005896 seconds.
Begin MonoManager ReloadAssembly
Native extension for WindowsStandalone target not found
Refreshing native plugins compatible for Editor in 0.72 ms, found 3 plugins.
Preloading 0 native plugins for Editor in 0.00 ms.
Mono: successfully reloaded assembly
- Completed reload, in  1.743 seconds
Platform modules already initialized, skipping
Refreshing native plugins compatible for Editor in 0.75 ms, found 3 plugins.
Preloading 0 native plugins for Editor in 0.00 ms.
Unloading 2090 Unused Serialized files (Serialized files now loaded: 0)
System memory in use before: 96.3 MB.
System memory in use after: 96.2 MB.

Unloading 21 unused Assets to reduce memory usage. Loaded Objects now: 2560.
Total: 3.145800 ms (FindLiveObjects: 0.425000 ms CreateObjectMapping: 0.110900 ms MarkObjects: 2.442100 ms  DeleteObjects: 0.166000 ms)

AssetImportParameters requested are different than current active one (requested -> active):
  custom:framework-win-MediaFoundation: 216162199b28c13a410421893ffa2e32 -> 
  custom:video-decoder-ogg-theora: a1e56fd34408186e4bbccfd4996cb3dc -> 
  custom:container-muxer-webm: aa71ff27fc2769a1b78a27578f13a17b -> 
  custom:container-demuxer-webm: 4f35f7cbe854078d1ac9338744f61a02 -> 
  custom:container-demuxer-ogg: 62fdf1f143b41e24485cea50d1cbac27 -> 
  custom:video-encoder-webm-vp8: eb34c28f22e8b96e1ab97ce403110664 -> 
  custom:video-decoder-webm-vp8: 9c59270c3fd7afecdb556c50c9e8de78 -> 
  custom:audio-decoder-ogg-vorbis: bf7c407c2cedff20999df2af8eb42d56 -> 
  custom:audio-encoder-webm-vorbis: bf7c407c2cedff20999df2af8eb42d56 -> 
========================================================================
Received Prepare
Registering precompiled user dll's ...
Registered in 0.005164 seconds.
Begin MonoManager ReloadAssembly
Native extension for WindowsStandalone target not found
Refreshing native plugins compatible for Editor in 0.76 ms, found 3 plugins.
Preloading 0 native plugins for Editor in 0.00 ms.
Mono: successfully reloaded assembly
- Completed reload, in  1.659 seconds
Platform modules already initialized, skipping
Refreshing native plugins compatible for Editor in 0.75 ms, found 3 plugins.
Preloading 0 native plugins for Editor in 0.00 ms.
Unloading 2090 Unused Serialized files (Serialized files now loaded: 0)
System memory in use before: 96.3 MB.
System memory in use after: 96.2 MB.

Unloading 21 unused Assets to reduce memory usage. Loaded Objects now: 2564.
Total: 3.270100 ms (FindLiveObjects: 0.437300 ms CreateObjectMapping: 0.106000 ms MarkObjects: 2.551400 ms  DeleteObjects: 0.173800 ms)

AssetImportParameters requested are different than current active one (requested -> active):
  custom:framework-win-MediaFoundation: 216162199b28c13a410421893ffa2e32 -> 
  custom:video-decoder-ogg-theora: a1e56fd34408186e4bbccfd4996cb3dc -> 
  custom:container-muxer-webm: aa71ff27fc2769a1b78a27578f13a17b -> 
  custom:container-demuxer-webm: 4f35f7cbe854078d1ac9338744f61a02 -> 
  custom:container-demuxer-ogg: 62fdf1f143b41e24485cea50d1cbac27 -> 
  custom:video-encoder-webm-vp8: eb34c28f22e8b96e1ab97ce403110664 -> 
  custom:video-decoder-webm-vp8: 9c59270c3fd7afecdb556c50c9e8de78 -> 
  custom:audio-decoder-ogg-vorbis: bf7c407c2cedff20999df2af8eb42d56 -> 
  custom:audio-encoder-webm-vorbis: bf7c407c2cedff20999df2af8eb42d56 -> 
========================================================================
Received Prepare
Registering precompiled user dll's ...
Registered in 0.005195 seconds.
Begin MonoManager ReloadAssembly
Native extension for WindowsStandalone target not found
Refreshing native plugins compatible for Editor in 0.75 ms, found 3 plugins.
Preloading 0 native plugins for Editor in 0.00 ms.
Mono: successfully reloaded assembly
- Completed reload, in  1.698 seconds
Platform modules already initialized, skipping
Refreshing native plugins compatible for Editor in 0.73 ms, found 3 plugins.
Preloading 0 native plugins for Editor in 0.00 ms.
Unloading 2090 Unused Serialized files (Serialized files now loaded: 0)
System memory in use before: 96.3 MB.
System memory in use after: 96.3 MB.

Unloading 21 unused Assets to reduce memory usage. Loaded Objects now: 2568.
Total: 3.247400 ms (FindLiveObjects: 0.369100 ms CreateObjectMapping: 0.107200 ms MarkObjects: 2.606200 ms  DeleteObjects: 0.163200 ms)

AssetImportParameters requested are different than current active one (requested -> active):
  custom:framework-win-MediaFoundation: 216162199b28c13a410421893ffa2e32 -> 
  custom:video-decoder-ogg-theora: a1e56fd34408186e4bbccfd4996cb3dc -> 
  custom:container-muxer-webm: aa71ff27fc2769a1b78a27578f13a17b -> 
  custom:container-demuxer-webm: 4f35f7cbe854078d1ac9338744f61a02 -> 
  custom:container-demuxer-ogg: 62fdf1f143b41e24485cea50d1cbac27 -> 
  custom:video-encoder-webm-vp8: eb34c28f22e8b96e1ab97ce403110664 -> 
  custom:video-decoder-webm-vp8: 9c59270c3fd7afecdb556c50c9e8de78 -> 
  custom:audio-decoder-ogg-vorbis: bf7c407c2cedff20999df2af8eb42d56 -> 
  custom:audio-encoder-webm-vorbis: bf7c407c2cedff20999df2af8eb42d56 -> 
========================================================================
Received Import Request.
  Time since last request: 545.403798 seconds.
  path: Assets/Prefabs/MuzzleFlash.prefab
  artifactKey: Guid(98c6c1a9df8c6144a8171050887e5f3b) Importer(815301076,1909f56bfc062723c751e8b465ee728b)
Start importing Assets/Prefabs/MuzzleFlash.prefab using Guid(98c6c1a9df8c6144a8171050887e5f3b) Importer(815301076,1909f56bfc062723c751e8b465ee728b)  -> (artifact id: '763c0abb1b5277d65069a05c0701e5ad') in 0.091223 seconds 
  Import took 0.114653 seconds .

========================================================================
Received Prepare
Registering precompiled user dll's ...
Registered in 0.004969 seconds.
Begin MonoManager ReloadAssembly
Native extension for WindowsStandalone target not found
Refreshing native plugins compatible for Editor in 0.86 ms, found 3 plugins.
Preloading 0 native plugins for Editor in 0.00 ms.
Mono: successfully reloaded assembly
- Completed reload, in  1.672 seconds
Platform modules already initialized, skipping
Refreshing native plugins compatible for Editor in 0.75 ms, found 3 plugins.
Preloading 0 native plugins for Editor in 0.00 ms.
Unloading 2090 Unused Serialized files (Serialized files now loaded: 0)
System memory in use before: 96.3 MB.
System memory in use after: 96.3 MB.

Unloading 21 unused Assets to reduce memory usage. Loaded Objects now: 2573.
Total: 3.314300 ms (FindLiveObjects: 0.409100 ms CreateObjectMapping: 0.104200 ms MarkObjects: 2.614800 ms  DeleteObjects: 0.184700 ms)

AssetImportParameters requested are different than current active one (requested -> active):
  custom:framework-win-MediaFoundation: 216162199b28c13a410421893ffa2e32 -> 
  custom:video-decoder-ogg-theora: a1e56fd34408186e4bbccfd4996cb3dc -> 
  custom:container-muxer-webm: aa71ff27fc2769a1b78a27578f13a17b -> 
  custom:container-demuxer-webm: 4f35f7cbe854078d1ac9338744f61a02 -> 
  custom:container-demuxer-ogg: 62fdf1f143b41e24485cea50d1cbac27 -> 
  custom:video-encoder-webm-vp8: eb34c28f22e8b96e1ab97ce403110664 -> 
  custom:video-decoder-webm-vp8: 9c59270c3fd7afecdb556c50c9e8de78 -> 
  custom:audio-decoder-ogg-vorbis: bf7c407c2cedff20999df2af8eb42d56 -> 
  custom:audio-encoder-webm-vorbis: bf7c407c2cedff20999df2af8eb42d56 -> 
========================================================================
Received Import Request.
  Time since last request: 878.833954 seconds.
  path: Assets/Sprites/bullet2.png
  artifactKey: Guid(c0e77bc10f76706469ce005c3cd8840a) Importer(815301076,1909f56bfc062723c751e8b465ee728b)
Start importing Assets/Sprites/bullet2.png using Guid(c0e77bc10f76706469ce005c3cd8840a) Importer(815301076,1909f56bfc062723c751e8b465ee728b)  -> (artifact id: '98fdb6a8f815be981d07c5bbcfeeee09') in 0.124740 seconds 
  Import took 0.129653 seconds .

========================================================================
Received Import Request.
  Time since last request: 26.262680 seconds.
  path: Assets/Prefabs/Bullet1.prefab
  artifactKey: Guid(2d5378cc04fb6f84d999c9135d7293c2) Importer(815301076,1909f56bfc062723c751e8b465ee728b)
Start importing Assets/Prefabs/Bullet1.prefab using Guid(2d5378cc04fb6f84d999c9135d7293c2) Importer(815301076,1909f56bfc062723c751e8b465ee728b)  -> (artifact id: '408c542cfb481069bdb1fdf7675e0136') in 0.060976 seconds 
  Import took 0.065428 seconds .

========================================================================
Received Import Request.
  Time since last request: 12.315981 seconds.
  path: Assets/Prefabs/Bullet2.prefab
  artifactKey: Guid(dea4368e961b0364393d8cf90394eb4b) Importer(815301076,1909f56bfc062723c751e8b465ee728b)
Start importing Assets/Prefabs/Bullet2.prefab using Guid(dea4368e961b0364393d8cf90394eb4b) Importer(815301076,1909f56bfc062723c751e8b465ee728b)  -> (artifact id: '693c9226338cd22326929424de30353d') in 0.016191 seconds 
  Import took 0.030103 seconds .

========================================================================
Received Import Request.
  Time since last request: 9.924658 seconds.
  path: Assets/Prefabs/Bullet2.prefab
  artifactKey: Guid(dea4368e961b0364393d8cf90394eb4b) Importer(815301076,1909f56bfc062723c751e8b465ee728b)
Start importing Assets/Prefabs/Bullet2.prefab using Guid(dea4368e961b0364393d8cf90394eb4b) Importer(815301076,1909f56bfc062723c751e8b465ee728b)  -> (artifact id: 'b5bc229b556ffd5eff569210af9fb0b5') in 0.015674 seconds 
  Import took 0.029775 seconds .

========================================================================
Received Import Request.
  Time since last request: 0.007233 seconds.
  path: Assets/Prefabs/Bullet2.prefab
  artifactKey: Guid(dea4368e961b0364393d8cf90394eb4b) Importer(815301076,1909f56bfc062723c751e8b465ee728b)
Start importing Assets/Prefabs/Bullet2.prefab using Guid(dea4368e961b0364393d8cf90394eb4b) Importer(815301076,1909f56bfc062723c751e8b465ee728b)  -> (artifact id: 'b5bc229b556ffd5eff569210af9fb0b5') in 0.011131 seconds 
  Import took 0.015992 seconds .

========================================================================
Received Import Request.
  Time since last request: 1.587712 seconds.
  path: Assets/Prefabs/Bullet2.prefab
  artifactKey: Guid(dea4368e961b0364393d8cf90394eb4b) Importer(815301076,1909f56bfc062723c751e8b465ee728b)
Start importing Assets/Prefabs/Bullet2.prefab using Guid(dea4368e961b0364393d8cf90394eb4b) Importer(815301076,1909f56bfc062723c751e8b465ee728b)  -> (artifact id: '8867ea93e9efacee06a8c366624037eb') in 0.016262 seconds 
  Import took 0.030790 seconds .

========================================================================
Received Import Request.
  Time since last request: 0.958168 seconds.
  path: Assets/Prefabs/Bullet2.prefab
  artifactKey: Guid(dea4368e961b0364393d8cf90394eb4b) Importer(815301076,1909f56bfc062723c751e8b465ee728b)
Start importing Assets/Prefabs/Bullet2.prefab using Guid(dea4368e961b0364393d8cf90394eb4b) Importer(815301076,1909f56bfc062723c751e8b465ee728b)  -> (artifact id: 'cf03109c7cd56e1bb08be849e6c30262') in 0.009603 seconds 
  Import took 0.019142 seconds .

========================================================================
Received Import Request.
  Time since last request: 38.292691 seconds.
  path: Assets/Prefabs/Bullet2.prefab
  artifactKey: Guid(dea4368e961b0364393d8cf90394eb4b) Importer(815301076,1909f56bfc062723c751e8b465ee728b)
Start importing Assets/Prefabs/Bullet2.prefab using Guid(dea4368e961b0364393d8cf90394eb4b) Importer(815301076,1909f56bfc062723c751e8b465ee728b)  -> (artifact id: '4aa5fc21890f64f5961489163cfbc444') in 0.010312 seconds 
  Import took 0.014851 seconds .

========================================================================
Received Import Request.
  Time since last request: 0.003913 seconds.
  path: Assets/Prefabs/Bullet2.prefab
  artifactKey: Guid(dea4368e961b0364393d8cf90394eb4b) Importer(815301076,1909f56bfc062723c751e8b465ee728b)
Start importing Assets/Prefabs/Bullet2.prefab using Guid(dea4368e961b0364393d8cf90394eb4b) Importer(815301076,1909f56bfc062723c751e8b465ee728b)  -> (artifact id: '4aa5fc21890f64f5961489163cfbc444') in 0.009304 seconds 
  Import took 0.013751 seconds .

========================================================================
Received Import Request.
  Time since last request: 2.724609 seconds.
  path: Assets/Prefabs/Bullet2.prefab
  artifactKey: Guid(dea4368e961b0364393d8cf90394eb4b) Importer(815301076,1909f56bfc062723c751e8b465ee728b)
Start importing Assets/Prefabs/Bullet2.prefab using Guid(dea4368e961b0364393d8cf90394eb4b) Importer(815301076,1909f56bfc062723c751e8b465ee728b)  -> (artifact id: '3bd83896be126ecd3641eb44610c2eab') in 0.010293 seconds 
  Import took 0.015206 seconds .

========================================================================
Received Import Request.
  Time since last request: 12.475446 seconds.
  path: Assets/Prefabs/Bullet2.prefab
  artifactKey: Guid(dea4368e961b0364393d8cf90394eb4b) Importer(815301076,1909f56bfc062723c751e8b465ee728b)
Start importing Assets/Prefabs/Bullet2.prefab using Guid(dea4368e961b0364393d8cf90394eb4b) Importer(815301076,1909f56bfc062723c751e8b465ee728b)  -> (artifact id: '60ee0193ce536178079c050f64244523') in 0.009496 seconds 
  Import took 0.021766 seconds .

========================================================================
Received Import Request.
  Time since last request: 3.168359 seconds.
  path: Assets/Prefabs/Bullet2.prefab
  artifactKey: Guid(dea4368e961b0364393d8cf90394eb4b) Importer(815301076,1909f56bfc062723c751e8b465ee728b)
Start importing Assets/Prefabs/Bullet2.prefab using Guid(dea4368e961b0364393d8cf90394eb4b) Importer(815301076,1909f56bfc062723c751e8b465ee728b)  -> (artifact id: 'd41d257162821e1563c60860eae2d465') in 0.009339 seconds 
  Import took 0.013903 seconds .

========================================================================
Received Import Request.
  Time since last request: 9.132388 seconds.
  path: Assets/Prefabs/Bullet2.prefab
  artifactKey: Guid(dea4368e961b0364393d8cf90394eb4b) Importer(815301076,1909f56bfc062723c751e8b465ee728b)
Start importing Assets/Prefabs/Bullet2.prefab using Guid(dea4368e961b0364393d8cf90394eb4b) Importer(815301076,1909f56bfc062723c751e8b465ee728b)  -> (artifact id: '0d24384de8207ed48123eb134d84d189') in 0.010033 seconds 
  Import took 0.015091 seconds .

========================================================================
Received Import Request.
  Time since last request: 0.754185 seconds.
  path: Assets/Prefabs/Bullet2.prefab
  artifactKey: Guid(dea4368e961b0364393d8cf90394eb4b) Importer(815301076,1909f56bfc062723c751e8b465ee728b)
Start importing Assets/Prefabs/Bullet2.prefab using Guid(dea4368e961b0364393d8cf90394eb4b) Importer(815301076,1909f56bfc062723c751e8b465ee728b)  -> (artifact id: '43c82619466b0232ec5b30520caa563a') in 0.010153 seconds 
  Import took 0.029381 seconds .

========================================================================
Received Import Request.
  Time since last request: 0.971025 seconds.
  path: Assets/Prefabs/Bullet2.prefab
  artifactKey: Guid(dea4368e961b0364393d8cf90394eb4b) Importer(815301076,1909f56bfc062723c751e8b465ee728b)
Start importing Assets/Prefabs/Bullet2.prefab using Guid(dea4368e961b0364393d8cf90394eb4b) Importer(815301076,1909f56bfc062723c751e8b465ee728b)  -> (artifact id: '1f2d1ba91465e8e16c784816f0c84324') in 0.016493 seconds 
  Import took 0.022258 seconds .

========================================================================
Received Import Request.
  Time since last request: 2.451867 seconds.
  path: Assets/Prefabs/Bullet2.prefab
  artifactKey: Guid(dea4368e961b0364393d8cf90394eb4b) Importer(815301076,1909f56bfc062723c751e8b465ee728b)
Start importing Assets/Prefabs/Bullet2.prefab using Guid(dea4368e961b0364393d8cf90394eb4b) Importer(815301076,1909f56bfc062723c751e8b465ee728b)  -> (artifact id: 'a61a84e0690f541d724278bdffa67732') in 0.009617 seconds 
  Import took 0.021957 seconds .

========================================================================
Received Import Request.
  Time since last request: 4.383861 seconds.
  path: Assets/Prefabs/Bullet2.prefab
  artifactKey: Guid(dea4368e961b0364393d8cf90394eb4b) Importer(815301076,1909f56bfc062723c751e8b465ee728b)
Start importing Assets/Prefabs/Bullet2.prefab using Guid(dea4368e961b0364393d8cf90394eb4b) Importer(815301076,1909f56bfc062723c751e8b465ee728b)  -> (artifact id: 'ddf7fdd23f9d670c169fc4f10ea55ca8') in 0.009058 seconds 
  Import took 0.026453 seconds .

========================================================================
Received Import Request.
  Time since last request: 2.595331 seconds.
  path: Assets/Prefabs/Bullet2.prefab
  artifactKey: Guid(dea4368e961b0364393d8cf90394eb4b) Importer(815301076,1909f56bfc062723c751e8b465ee728b)
Start importing Assets/Prefabs/Bullet2.prefab using Guid(dea4368e961b0364393d8cf90394eb4b) Importer(815301076,1909f56bfc062723c751e8b465ee728b)  -> (artifact id: '21e0b050d33d3c972a63c802837fc091') in 0.009714 seconds 
  Import took 0.030356 seconds .

========================================================================
Received Import Request.
  Time since last request: 11.155754 seconds.
  path: Assets/Prefabs/Bullet1.prefab
  artifactKey: Guid(2d5378cc04fb6f84d999c9135d7293c2) Importer(815301076,1909f56bfc062723c751e8b465ee728b)
Start importing Assets/Prefabs/Bullet1.prefab using Guid(2d5378cc04fb6f84d999c9135d7293c2) Importer(815301076,1909f56bfc062723c751e8b465ee728b)  -> (artifact id: '7a48edd256ab114ca98354aba7d68fb1') in 0.010062 seconds 
  Import took 0.030137 seconds .

========================================================================
Received Import Request.
  Time since last request: 142.441490 seconds.
  path: Assets/Scripts/PlayerController.cs
  artifactKey: Guid(777c64345f8b15445a239f6d177f0a0c) Importer(815301076,1909f56bfc062723c751e8b465ee728b)
Start importing Assets/Scripts/PlayerController.cs using Guid(777c64345f8b15445a239f6d177f0a0c) Importer(815301076,1909f56bfc062723c751e8b465ee728b)  -> (artifact id: 'df6444ff8c8cd69c08c875857c04d61c') in 0.010212 seconds 
  Import took 0.016160 seconds .

========================================================================
Received Import Request.
  Time since last request: 0.001068 seconds.
  path: Assets/Scripts/PlayerController.cs
  artifactKey: Guid(777c64345f8b15445a239f6d177f0a0c) Importer(815301076,1909f56bfc062723c751e8b465ee728b)
Start importing Assets/Scripts/PlayerController.cs using Guid(777c64345f8b15445a239f6d177f0a0c) Importer(815301076,1909f56bfc062723c751e8b465ee728b)  -> (artifact id: 'df6444ff8c8cd69c08c875857c04d61c') in 0.003761 seconds 
  Import took 0.008766 seconds .

========================================================================
Received Import Request.
  Time since last request: 7.134679 seconds.
  path: Assets/Scripts/PlayerController.cs
  artifactKey: Guid(777c64345f8b15445a239f6d177f0a0c) Importer(815301076,1909f56bfc062723c751e8b465ee728b)
Start importing Assets/Scripts/PlayerController.cs using Guid(777c64345f8b15445a239f6d177f0a0c) Importer(815301076,1909f56bfc062723c751e8b465ee728b)  -> (artifact id: 'b5c4c0794a287ed504806a4c50acce27') in 0.013408 seconds 
  Import took 0.051449 seconds .

========================================================================
Received Import Request.
  Time since last request: 0.017950 seconds.
  path: Assets/Scripts/PlayerController.cs
  artifactKey: Guid(777c64345f8b15445a239f6d177f0a0c) Importer(815301076,1909f56bfc062723c751e8b465ee728b)
Start importing Assets/Scripts/PlayerController.cs using Guid(777c64345f8b15445a239f6d177f0a0c) Importer(815301076,1909f56bfc062723c751e8b465ee728b)  -> (artifact id: 'b5c4c0794a287ed504806a4c50acce27') in 0.006146 seconds 
  Import took 0.043536 seconds .

========================================================================
Received Import Request.
  Time since last request: 10.579125 seconds.
  path: Assets/Scripts/PlayerController.cs
  artifactKey: Guid(777c64345f8b15445a239f6d177f0a0c) Importer(815301076,1909f56bfc062723c751e8b465ee728b)
Start importing Assets/Scripts/PlayerController.cs using Guid(777c64345f8b15445a239f6d177f0a0c) Importer(815301076,1909f56bfc062723c751e8b465ee728b)  -> (artifact id: 'c9b53b325ae9dd171cc3bd0b534f08d7') in 0.002963 seconds 
  Import took 0.022275 seconds .

========================================================================
Received Prepare
Registering precompiled user dll's ...
Registered in 0.004933 seconds.
Begin MonoManager ReloadAssembly
Native extension for WindowsStandalone target not found
Refreshing native plugins compatible for Editor in 1.06 ms, found 3 plugins.
Preloading 0 native plugins for Editor in 0.00 ms.
Mono: successfully reloaded assembly
- Completed reload, in  1.849 seconds
Platform modules already initialized, skipping
Refreshing native plugins compatible for Editor in 0.77 ms, found 3 plugins.
Preloading 0 native plugins for Editor in 0.00 ms.
Unloading 2090 Unused Serialized files (Serialized files now loaded: 0)
System memory in use before: 96.3 MB.
System memory in use after: 96.3 MB.

Unloading 21 unused Assets to reduce memory usage. Loaded Objects now: 2581.
Total: 3.506100 ms (FindLiveObjects: 0.448600 ms CreateObjectMapping: 0.103100 ms MarkObjects: 2.718500 ms  DeleteObjects: 0.233300 ms)

AssetImportParameters requested are different than current active one (requested -> active):
  custom:framework-win-MediaFoundation: 216162199b28c13a410421893ffa2e32 -> 
  custom:video-decoder-ogg-theora: a1e56fd34408186e4bbccfd4996cb3dc -> 
  custom:container-muxer-webm: aa71ff27fc2769a1b78a27578f13a17b -> 
  custom:container-demuxer-webm: 4f35f7cbe854078d1ac9338744f61a02 -> 
  custom:container-demuxer-ogg: 62fdf1f143b41e24485cea50d1cbac27 -> 
  custom:video-encoder-webm-vp8: eb34c28f22e8b96e1ab97ce403110664 -> 
  custom:video-decoder-webm-vp8: 9c59270c3fd7afecdb556c50c9e8de78 -> 
  custom:audio-decoder-ogg-vorbis: bf7c407c2cedff20999df2af8eb42d56 -> 
  custom:audio-encoder-webm-vorbis: bf7c407c2cedff20999df2af8eb42d56 -> 
========================================================================
Received Import Request.
  Time since last request: 14.208998 seconds.
  path: Assets/Scripts/PlayerController.cs
  artifactKey: Guid(777c64345f8b15445a239f6d177f0a0c) Importer(815301076,1909f56bfc062723c751e8b465ee728b)
Start importing Assets/Scripts/PlayerController.cs using Guid(777c64345f8b15445a239f6d177f0a0c) Importer(815301076,1909f56bfc062723c751e8b465ee728b)  -> (artifact id: '841a57125d22b9e2577f412bdcb50e6a') in 0.007727 seconds 
  Import took 0.024518 seconds .

========================================================================
Received Import Request.
  Time since last request: 0.056913 seconds.
  path: Assets/Scripts/PlayerController.cs
  artifactKey: Guid(777c64345f8b15445a239f6d177f0a0c) Importer(815301076,1909f56bfc062723c751e8b465ee728b)
Start importing Assets/Scripts/PlayerController.cs using Guid(777c64345f8b15445a239f6d177f0a0c) Importer(815301076,1909f56bfc062723c751e8b465ee728b)  -> (artifact id: '841a57125d22b9e2577f412bdcb50e6a') in 0.003278 seconds 
  Import took 0.010635 seconds .

========================================================================
Received Prepare
Registering precompiled user dll's ...
Registered in 0.005166 seconds.
Begin MonoManager ReloadAssembly
Native extension for WindowsStandalone target not found
Refreshing native plugins compatible for Editor in 0.83 ms, found 3 plugins.
Preloading 0 native plugins for Editor in 0.00 ms.
Mono: successfully reloaded assembly
- Completed reload, in  1.662 seconds
Platform modules already initialized, skipping
Refreshing native plugins compatible for Editor in 0.70 ms, found 3 plugins.
Preloading 0 native plugins for Editor in 0.00 ms.
Unloading 2090 Unused Serialized files (Serialized files now loaded: 0)
System memory in use before: 96.3 MB.
System memory in use after: 96.3 MB.

Unloading 21 unused Assets to reduce memory usage. Loaded Objects now: 2585.
Total: 3.296400 ms (FindLiveObjects: 0.370700 ms CreateObjectMapping: 0.105500 ms MarkObjects: 2.638500 ms  DeleteObjects: 0.180500 ms)

AssetImportParameters requested are different than current active one (requested -> active):
  custom:framework-win-MediaFoundation: 216162199b28c13a410421893ffa2e32 -> 
  custom:video-decoder-ogg-theora: a1e56fd34408186e4bbccfd4996cb3dc -> 
  custom:container-muxer-webm: aa71ff27fc2769a1b78a27578f13a17b -> 
  custom:container-demuxer-webm: 4f35f7cbe854078d1ac9338744f61a02 -> 
  custom:container-demuxer-ogg: 62fdf1f143b41e24485cea50d1cbac27 -> 
  custom:video-encoder-webm-vp8: eb34c28f22e8b96e1ab97ce403110664 -> 
  custom:video-decoder-webm-vp8: 9c59270c3fd7afecdb556c50c9e8de78 -> 
  custom:audio-decoder-ogg-vorbis: bf7c407c2cedff20999df2af8eb42d56 -> 
  custom:audio-encoder-webm-vorbis: bf7c407c2cedff20999df2af8eb42d56 -> 
========================================================================
Received Import Request.
  Time since last request: 6.959714 seconds.
  path: Assets/Prefabs/PlayerV1.prefab
  artifactKey: Guid(aa5d19817efe66b438dd67c618739c87) Importer(815301076,1909f56bfc062723c751e8b465ee728b)
Start importing Assets/Prefabs/PlayerV1.prefab using Guid(aa5d19817efe66b438dd67c618739c87) Importer(815301076,1909f56bfc062723c751e8b465ee728b)  -> (artifact id: '1f0b2709eb7360d46c2f7d248119498f') in 0.105081 seconds 
  Import took 0.110007 seconds .

========================================================================
Received Import Request.
  Time since last request: 7.500474 seconds.
  path: Assets/Prefabs/Bullet2.prefab
  artifactKey: Guid(dea4368e961b0364393d8cf90394eb4b) Importer(815301076,1909f56bfc062723c751e8b465ee728b)
Start importing Assets/Prefabs/Bullet2.prefab using Guid(dea4368e961b0364393d8cf90394eb4b) Importer(815301076,1909f56bfc062723c751e8b465ee728b)  -> (artifact id: '2007c4b8eb3603a7a12024a9df2b03a1') in 0.016514 seconds 
  Import took 0.033335 seconds .

========================================================================
Received Prepare
Registering precompiled user dll's ...
Registered in 0.005357 seconds.
Begin MonoManager ReloadAssembly
Native extension for WindowsStandalone target not found
Refreshing native plugins compatible for Editor in 0.74 ms, found 3 plugins.
Preloading 0 native plugins for Editor in 0.00 ms.
Mono: successfully reloaded assembly
- Completed reload, in  1.627 seconds
Platform modules already initialized, skipping
Refreshing native plugins compatible for Editor in 0.73 ms, found 3 plugins.
Preloading 0 native plugins for Editor in 0.00 ms.
Unloading 2090 Unused Serialized files (Serialized files now loaded: 0)
System memory in use before: 96.3 MB.
System memory in use after: 96.3 MB.

Unloading 21 unused Assets to reduce memory usage. Loaded Objects now: 2590.
Total: 3.277200 ms (FindLiveObjects: 0.392400 ms CreateObjectMapping: 0.099800 ms MarkObjects: 2.608500 ms  DeleteObjects: 0.174700 ms)

AssetImportParameters requested are different than current active one (requested -> active):
  custom:framework-win-MediaFoundation: 216162199b28c13a410421893ffa2e32 -> 
  custom:video-decoder-ogg-theora: a1e56fd34408186e4bbccfd4996cb3dc -> 
  custom:container-muxer-webm: aa71ff27fc2769a1b78a27578f13a17b -> 
  custom:container-demuxer-webm: 4f35f7cbe854078d1ac9338744f61a02 -> 
  custom:container-demuxer-ogg: 62fdf1f143b41e24485cea50d1cbac27 -> 
  custom:video-encoder-webm-vp8: eb34c28f22e8b96e1ab97ce403110664 -> 
  custom:video-decoder-webm-vp8: 9c59270c3fd7afecdb556c50c9e8de78 -> 
  custom:audio-decoder-ogg-vorbis: bf7c407c2cedff20999df2af8eb42d56 -> 
  custom:audio-encoder-webm-vorbis: bf7c407c2cedff20999df2af8eb42d56 -> 
========================================================================
Received Import Request.
  Time since last request: 18.796223 seconds.
  path: Assets/Prefabs/PlayerV1.prefab
  artifactKey: Guid(aa5d19817efe66b438dd67c618739c87) Importer(815301076,1909f56bfc062723c751e8b465ee728b)
Start importing Assets/Prefabs/PlayerV1.prefab using Guid(aa5d19817efe66b438dd67c618739c87) Importer(815301076,1909f56bfc062723c751e8b465ee728b)  -> (artifact id: '879b970c066075925b33af09459ecb47') in 0.076272 seconds 
  Import took 0.094375 seconds .

========================================================================
Received Prepare
Registering precompiled user dll's ...
Registered in 0.005496 seconds.
Begin MonoManager ReloadAssembly
Native extension for WindowsStandalone target not found
Refreshing native plugins compatible for Editor in 0.82 ms, found 3 plugins.
Preloading 0 native plugins for Editor in 0.00 ms.
Mono: successfully reloaded assembly
- Completed reload, in  1.642 seconds
Platform modules already initialized, skipping
Refreshing native plugins compatible for Editor in 0.76 ms, found 3 plugins.
Preloading 0 native plugins for Editor in 0.00 ms.
Unloading 2090 Unused Serialized files (Serialized files now loaded: 0)
System memory in use before: 96.4 MB.
System memory in use after: 96.3 MB.

Unloading 21 unused Assets to reduce memory usage. Loaded Objects now: 2595.
Total: 4.833200 ms (FindLiveObjects: 0.421000 ms CreateObjectMapping: 0.107400 ms MarkObjects: 4.014900 ms  DeleteObjects: 0.288000 ms)

AssetImportParameters requested are different than current active one (requested -> active):
  custom:framework-win-MediaFoundation: 216162199b28c13a410421893ffa2e32 -> 
  custom:video-decoder-ogg-theora: a1e56fd34408186e4bbccfd4996cb3dc -> 
  custom:container-muxer-webm: aa71ff27fc2769a1b78a27578f13a17b -> 
  custom:container-demuxer-webm: 4f35f7cbe854078d1ac9338744f61a02 -> 
  custom:container-demuxer-ogg: 62fdf1f143b41e24485cea50d1cbac27 -> 
  custom:video-encoder-webm-vp8: eb34c28f22e8b96e1ab97ce403110664 -> 
  custom:video-decoder-webm-vp8: 9c59270c3fd7afecdb556c50c9e8de78 -> 
  custom:audio-decoder-ogg-vorbis: bf7c407c2cedff20999df2af8eb42d56 -> 
  custom:audio-encoder-webm-vorbis: bf7c407c2cedff20999df2af8eb42d56 -> 
========================================================================
Received Prepare
Registering precompiled user dll's ...
Registered in 0.004863 seconds.
Begin MonoManager ReloadAssembly
Native extension for WindowsStandalone target not found
Refreshing native plugins compatible for Editor in 0.74 ms, found 3 plugins.
Preloading 0 native plugins for Editor in 0.00 ms.
Mono: successfully reloaded assembly
- Completed reload, in  1.623 seconds
Platform modules already initialized, skipping
Refreshing native plugins compatible for Editor in 0.75 ms, found 3 plugins.
Preloading 0 native plugins for Editor in 0.00 ms.
Unloading 2090 Unused Serialized files (Serialized files now loaded: 0)
System memory in use before: 96.4 MB.
System memory in use after: 96.4 MB.

Unloading 21 unused Assets to reduce memory usage. Loaded Objects now: 2599.
Total: 4.152200 ms (FindLiveObjects: 0.603800 ms CreateObjectMapping: 0.235900 ms MarkObjects: 3.142300 ms  DeleteObjects: 0.168700 ms)

AssetImportParameters requested are different than current active one (requested -> active):
  custom:framework-win-MediaFoundation: 216162199b28c13a410421893ffa2e32 -> 
  custom:video-decoder-ogg-theora: a1e56fd34408186e4bbccfd4996cb3dc -> 
  custom:container-muxer-webm: aa71ff27fc2769a1b78a27578f13a17b -> 
  custom:container-demuxer-webm: 4f35f7cbe854078d1ac9338744f61a02 -> 
  custom:container-demuxer-ogg: 62fdf1f143b41e24485cea50d1cbac27 -> 
  custom:video-encoder-webm-vp8: eb34c28f22e8b96e1ab97ce403110664 -> 
  custom:video-decoder-webm-vp8: 9c59270c3fd7afecdb556c50c9e8de78 -> 
  custom:audio-decoder-ogg-vorbis: bf7c407c2cedff20999df2af8eb42d56 -> 
  custom:audio-encoder-webm-vorbis: bf7c407c2cedff20999df2af8eb42d56 -> 
========================================================================
Received Import Request.
  Time since last request: 54.493873 seconds.
  path: Assets/Prefabs/Bullet2.prefab
  artifactKey: Guid(dea4368e961b0364393d8cf90394eb4b) Importer(815301076,1909f56bfc062723c751e8b465ee728b)
Start importing Assets/Prefabs/Bullet2.prefab using Guid(dea4368e961b0364393d8cf90394eb4b) Importer(815301076,1909f56bfc062723c751e8b465ee728b)  -> (artifact id: 'e614e168e66a887eb0a9e782b741c47f') in 0.078320 seconds 
  Import took 0.092169 seconds .

========================================================================
Received Prepare
Registering precompiled user dll's ...
Registered in 0.005423 seconds.
Begin MonoManager ReloadAssembly
Native extension for WindowsStandalone target not found
Refreshing native plugins compatible for Editor in 0.80 ms, found 3 plugins.
Preloading 0 native plugins for Editor in 0.00 ms.
Mono: successfully reloaded assembly
- Completed reload, in  1.564 seconds
Platform modules already initialized, skipping
Refreshing native plugins compatible for Editor in 0.74 ms, found 3 plugins.
Preloading 0 native plugins for Editor in 0.00 ms.
Unloading 2090 Unused Serialized files (Serialized files now loaded: 0)
System memory in use before: 96.4 MB.
System memory in use after: 96.4 MB.

Unloading 21 unused Assets to reduce memory usage. Loaded Objects now: 2604.
Total: 3.301800 ms (FindLiveObjects: 0.389000 ms CreateObjectMapping: 0.102700 ms MarkObjects: 2.635400 ms  DeleteObjects: 0.173000 ms)

AssetImportParameters requested are different than current active one (requested -> active):
  custom:framework-win-MediaFoundation: 216162199b28c13a410421893ffa2e32 -> 
  custom:video-decoder-ogg-theora: a1e56fd34408186e4bbccfd4996cb3dc -> 
  custom:container-muxer-webm: aa71ff27fc2769a1b78a27578f13a17b -> 
  custom:container-demuxer-webm: 4f35f7cbe854078d1ac9338744f61a02 -> 
  custom:container-demuxer-ogg: 62fdf1f143b41e24485cea50d1cbac27 -> 
  custom:video-encoder-webm-vp8: eb34c28f22e8b96e1ab97ce403110664 -> 
  custom:video-decoder-webm-vp8: 9c59270c3fd7afecdb556c50c9e8de78 -> 
  custom:audio-decoder-ogg-vorbis: bf7c407c2cedff20999df2af8eb42d56 -> 
  custom:audio-encoder-webm-vorbis: bf7c407c2cedff20999df2af8eb42d56 -> 
========================================================================
Received Import Request.
  Time since last request: 763.047521 seconds.
  path: Assets/Sprites/PlayerV2.png
  artifactKey: Guid(6f73fcea6da64ac40a29f18184c49e0a) Importer(815301076,1909f56bfc062723c751e8b465ee728b)
Start importing Assets/Sprites/PlayerV2.png using Guid(6f73fcea6da64ac40a29f18184c49e0a) Importer(815301076,1909f56bfc062723c751e8b465ee728b)  -> (artifact id: '88f67f0141708603facf2571c83c3f68') in 0.073145 seconds 
  Import took 0.089449 seconds .

AssetImportWorkerClient::OnTransportError - code=2 error=End of file
